<?xml version="1.0" encoding="UTF-8"?>
<!-- Generated by org.testng.reporters.JUnitXMLReporter -->
<testsuite hostname="LAPTOP-5LEHV7LQ" ignored="0" name="Test" tests="2" failures="0" timestamp="20 Jun 2019 12:37:56 GMT" time="23.622" errors="0">
  <testcase name="@BeforeClass launchApplication" time="23.478" classname="Test.Project.TestRunner_TestNG">
    <failure type="org.openqa.selenium.WebDriverException" message="Timed out waiting for driver server to start.
Build info: version: &amp;apos;3.141.59&amp;apos;, revision: &amp;apos;e82be7d358&amp;apos;, time: &amp;apos;2018-11-14T08:17:03&amp;apos;
System info: host: &amp;apos;LAPTOP-5LEHV7LQ&amp;apos;, ip: &amp;apos;127.0.0.1&amp;apos;, os.name: &amp;apos;Windows 10&amp;apos;, os.arch: &amp;apos;amd64&amp;apos;, os.version: &amp;apos;10.0&amp;apos;, java.version: &amp;apos;1.8.0_102&amp;apos;
Driver info: driver.version: ChromeDriver">
      <![CDATA[org.openqa.selenium.WebDriverException: Timed out waiting for driver server to start.
Build info: version: '3.141.59', revision: 'e82be7d358', time: '2018-11-14T08:17:03'
System info: host: 'LAPTOP-5LEHV7LQ', ip: '127.0.0.1', os.name: 'Windows 10', os.arch: 'amd64', os.version: '10.0', java.version: '1.8.0_102'
Driver info: driver.version: ChromeDriver
at org.openqa.selenium.remote.service.DriverService.waitUntilAvailable(DriverService.java:202)
at org.openqa.selenium.remote.service.DriverService.start(DriverService.java:188)
at org.openqa.selenium.remote.service.DriverCommandExecutor.execute(DriverCommandExecutor.java:79)
at org.openqa.selenium.remote.RemoteWebDriver.execute(RemoteWebDriver.java:552)
at org.openqa.selenium.remote.RemoteWebDriver.startSession(RemoteWebDriver.java:213)
at org.openqa.selenium.remote.RemoteWebDriver.<init>(RemoteWebDriver.java:131)
at org.openqa.selenium.chrome.ChromeDriver.<init>(ChromeDriver.java:181)
at org.openqa.selenium.chrome.ChromeDriver.<init>(ChromeDriver.java:168)
at org.openqa.selenium.chrome.ChromeDriver.<init>(ChromeDriver.java:157)
at BaseComponent.ReusableMethods.LaunchBrowser(ReusableMethods.java:51)
at Test.Project.TestRunner_TestNG.launchApplication(TestRunner_TestNG.java:47)
Caused by: org.openqa.selenium.net.UrlChecker$TimeoutException: Timed out waiting for [http://localhost:10739/status] to be available after 20057 ms
at org.openqa.selenium.net.UrlChecker.waitUntilAvailable(UrlChecker.java:100)
at org.openqa.selenium.remote.service.DriverService.waitUntilAvailable(DriverService.java:197)
... 36 more
Caused by: java.util.concurrent.TimeoutException
at java.util.concurrent.FutureTask.get(Unknown Source)
at com.google.common.util.concurrent.SimpleTimeLimiter.callWithTimeout(SimpleTimeLimiter.java:156)
at org.openqa.selenium.net.UrlChecker.waitUntilAvailable(UrlChecker.java:75)
... 37 more
... Removed 26 stack frames]]>
    </failure>
  </testcase> <!-- @BeforeClass launchApplication -->
  <testcase name="@BeforeMethod setup" time="0.0" classname="Test.Project.TestRunner_TestNG">
    <skipped/>
  </testcase> <!-- @BeforeMethod setup -->
  <testcase name="@AfterMethod takeScreenshot" time="0.0" classname="Test.Project.TestRunner_TestNG">
    <skipped/>
  </testcase> <!-- @AfterMethod takeScreenshot -->
  <testcase name="@AfterTest closeBrowser" time="0.0" classname="Test.Project.TestRunner_TestNG">
    <skipped/>
  </testcase> <!-- @AfterTest closeBrowser -->
  <testcase name="OpenApplication" time="0.0" classname="Test.Project.TestRunner_TestNG">
    <skipped/>
  </testcase> <!-- OpenApplication -->
  <testcase name="performSearch" time="0.0" classname="Test.Project.TestRunner_TestNG">
    <skipped/>
  </testcase> <!-- performSearch -->
</testsuite> <!-- Test -->
